[2025-05-16 15:47:51] Configuration loaded
[2025-05-16 15:47:51] New connection established
[2025-05-16 15:47:51] All connections closed
[2025-05-16 15:48:07] Configuration loaded
[2025-05-16 15:48:07] New connection established
[2025-05-16 15:48:07] All connections closed
[2025-05-16 15:48:07] Configuration loaded
[2025-05-16 15:48:07] New connection established
[2025-05-16 15:48:07] All connections closed
[2025-05-16 15:48:09] Configuration loaded
[2025-05-16 15:48:09] New connection established
[2025-05-16 15:48:09] All connections closed
[2025-05-16 15:48:09] Configuration loaded
[2025-05-16 15:48:09] New connection established
[2025-05-16 15:48:09] All connections closed
[2025-05-16 15:48:11] Configuration loaded
[2025-05-16 15:48:11] New connection established
[2025-05-16 15:48:11] All connections closed
[2025-05-16 15:48:11] Configuration loaded
[2025-05-16 15:48:11] New connection established
[2025-05-16 15:48:11] All connections closed
[2025-05-16 15:48:13] Configuration loaded
[2025-05-16 15:48:13] New connection established
[2025-05-16 15:48:13] All connections closed
[2025-05-16 15:48:13] Configuration loaded
[2025-05-16 15:48:13] New connection established
[2025-05-16 15:48:13] All connections closed
[2025-05-16 15:48:20] Configuration loaded
[2025-05-16 15:48:20] New connection established
[2025-05-16 15:48:20] All connections closed
[2025-05-16 15:48:20] Configuration loaded
[2025-05-16 15:48:20] New connection established
[2025-05-16 15:48:20] All connections closed
[2025-05-17 08:22:35] Configuration loaded
[2025-05-17 08:22:35] New connection established
[2025-05-17 08:22:35] All connections closed
[2025-05-17 08:23:20] Configuration loaded
[2025-05-17 08:23:20] New connection established
[2025-05-17 08:23:20] All connections closed
[2025-05-17 08:25:50] Configuration loaded
[2025-05-17 08:25:50] New connection established
[2025-05-17 08:25:50] All connections closed
[2025-05-17 08:25:50] Configuration loaded
[2025-05-17 08:25:50] New connection established
[2025-05-17 08:25:50] All connections closed
[2025-05-17 08:25:54] Configuration loaded
[2025-05-17 08:25:54] New connection established
[2025-05-17 08:25:54] All connections closed
[2025-05-17 08:25:54] Configuration loaded
[2025-05-17 08:25:54] New connection established
[2025-05-17 08:25:54] All connections closed
[2025-05-17 08:26:02] Configuration loaded
[2025-05-17 08:26:02] New connection established
[2025-05-17 08:26:02] All connections closed
[2025-05-17 08:26:02] Configuration loaded
[2025-05-17 08:26:02] New connection established
[2025-05-17 08:26:02] All connections closed
[2025-05-17 08:30:00] Configuration loaded
[2025-05-17 08:30:00] New connection established
[2025-05-17 08:30:00] All connections closed
[2025-05-17 08:30:09] Configuration loaded
[2025-05-17 08:30:09] New connection established
[2025-05-17 08:30:09] All connections closed
[2025-05-17 08:30:24] Configuration loaded
[2025-05-17 08:30:24] New connection established
[2025-05-17 08:30:24] All connections closed
[2025-05-17 08:30:24] Configuration loaded
[2025-05-17 08:30:24] New connection established
[2025-05-17 08:30:24] All connections closed
[2025-05-17 08:30:26] Configuration loaded
[2025-05-17 08:30:26] New connection established
[2025-05-17 08:30:26] All connections closed
[2025-05-17 08:30:26] Configuration loaded
[2025-05-17 08:30:26] New connection established
[2025-05-17 08:30:26] All connections closed
[2025-05-17 08:30:32] Configuration loaded
[2025-05-17 08:30:32] New connection established
[2025-05-17 08:30:32] All connections closed
[2025-05-17 08:30:32] Configuration loaded
[2025-05-17 08:30:32] New connection established
[2025-05-17 08:30:32] All connections closed
[2025-05-17 08:30:40] Configuration loaded
[2025-05-17 08:30:40] New connection established
[2025-05-17 08:30:40] All connections closed
[2025-05-17 08:30:41] Configuration loaded
[2025-05-17 08:30:41] New connection established
[2025-05-17 08:30:41] All connections closed
[2025-05-17 14:01:12] Configuration loaded
[2025-05-17 14:01:16] Connection failed: SQLSTATE[HY000] [2002] Подключение не установлено, т.к. конечный компьютер отверг запрос на подключение
[2025-05-17 14:01:33] Configuration loaded
[2025-05-17 14:01:33] New connection established
[2025-05-17 14:01:33] All connections closed
[2025-05-17 14:02:20] Configuration loaded
[2025-05-17 14:02:20] New connection established
[2025-05-17 14:02:20] All connections closed
[2025-05-17 14:02:20] Configuration loaded
[2025-05-17 14:02:20] New connection established
[2025-05-17 14:02:20] All connections closed
[2025-05-17 14:02:26] Configuration loaded
[2025-05-17 14:02:26] New connection established
[2025-05-17 14:02:26] All connections closed
[2025-05-17 14:02:26] Configuration loaded
[2025-05-17 14:02:26] New connection established
[2025-05-17 14:02:26] All connections closed
[2025-05-17 14:19:16] Configuration loaded
[2025-05-17 14:19:16] Connection failed: SQLSTATE[HY000] [1045] Access denied for user ''@'localhost' (using password: NO)
[2025-05-17 14:20:25] Configuration loaded
[2025-05-17 14:20:25] Connection failed: SQLSTATE[HY000] [1045] Access denied for user ''@'localhost' (using password: NO)
[2025-05-17 14:21:48] Configuration loaded
[2025-05-17 14:21:48] Missing required parameter: DB_HOST
[2025-05-17 14:22:38] Configuration loaded
[2025-05-17 14:22:38] Failed to parse configuration file
[2025-05-17 14:22:39] Configuration loaded
[2025-05-17 14:22:39] Failed to parse configuration file
[2025-05-17 14:22:40] Configuration loaded
[2025-05-17 14:22:40] Failed to parse configuration file
[2025-05-17 14:23:27] Configuration loaded
[2025-05-17 14:23:27] New connection established
[2025-05-17 14:23:27] All connections closed
[2025-05-17 14:23:33] Configuration loaded
[2025-05-17 14:23:33] New connection established
[2025-05-17 14:23:33] All connections closed
[2025-05-17 14:23:33] Configuration loaded
[2025-05-17 14:23:33] New connection established
[2025-05-17 14:23:33] All connections closed
[2025-05-17 14:23:45] Configuration loaded
[2025-05-17 14:23:45] New connection established
[2025-05-17 14:23:45] All connections closed
[2025-05-17 14:23:45] Configuration loaded
[2025-05-17 14:23:45] New connection established
[2025-05-17 14:23:45] All connections closed
[2025-05-17 14:27:52] Configuration loaded
[2025-05-17 14:27:52] New connection established
[2025-05-17 14:27:52] All connections closed
[2025-05-17 14:28:15] Configuration loaded
[2025-05-17 14:28:15] New connection established
[2025-05-17 14:28:15] All connections closed
[2025-05-17 14:28:17] Configuration loaded
[2025-05-17 14:28:17] New connection established
[2025-05-17 14:28:17] All connections closed
[2025-05-17 14:28:17] Configuration loaded
[2025-05-17 14:28:17] New connection established
[2025-05-17 14:28:17] All connections closed
[2025-05-17 14:28:21] Configuration loaded
[2025-05-17 14:28:21] New connection established
[2025-05-17 14:28:21] All connections closed
[2025-05-17 14:28:21] Configuration loaded
[2025-05-17 14:28:21] New connection established
[2025-05-17 14:28:21] All connections closed
[2025-05-17 14:28:52] Configuration loaded
[2025-05-17 14:28:52] New connection established
[2025-05-17 14:28:52] All connections closed
[2025-05-17 14:28:57] Configuration loaded
[2025-05-17 14:28:57] New connection established
[2025-05-17 14:28:57] All connections closed
[2025-05-17 14:28:57] Configuration loaded
[2025-05-17 14:28:57] New connection established
[2025-05-17 14:28:57] All connections closed
[2025-05-17 14:29:01] Configuration loaded
[2025-05-17 14:29:01] New connection established
[2025-05-17 14:29:01] All connections closed
[2025-05-17 14:29:01] Configuration loaded
[2025-05-17 14:29:01] New connection established
[2025-05-17 14:29:01] All connections closed
[2025-05-17 14:35:11] Configuration loaded
[2025-05-17 14:35:11] New connection established
[2025-05-17 14:35:11] All connections closed
[2025-05-17 14:35:16] Configuration loaded
[2025-05-17 14:35:17] New connection established
[2025-05-17 14:35:17] All connections closed
[2025-05-17 14:35:17] Configuration loaded
[2025-05-17 14:35:17] New connection established
[2025-05-17 14:35:17] All connections closed
[2025-05-17 14:35:22] Configuration loaded
[2025-05-17 14:35:22] New connection established
[2025-05-17 14:35:22] All connections closed
[2025-05-17 14:35:22] Configuration loaded
[2025-05-17 14:35:22] New connection established
[2025-05-17 14:35:22] All connections closed
[2025-05-17 14:40:34] Configuration loaded
[2025-05-17 14:40:34] New connection established
[2025-05-17 14:40:34] All connections closed
[2025-05-17 14:40:36] Configuration loaded
[2025-05-17 14:40:36] New connection established
[2025-05-17 14:40:36] All connections closed
[2025-05-17 14:40:36] Configuration loaded
[2025-05-17 14:40:36] New connection established
[2025-05-17 14:40:36] All connections closed
[2025-05-17 14:40:38] Configuration loaded
[2025-05-17 14:40:38] New connection established
[2025-05-17 14:40:38] All connections closed
[2025-05-17 14:40:38] Configuration loaded
[2025-05-17 14:40:38] New connection established
[2025-05-17 14:40:38] All connections closed
[2025-05-17 15:12:22] Configuration loaded
[2025-05-17 15:12:22] Missing required parameter: DB_USER
[2025-05-17 15:12:45] Configuration loaded
[2025-05-17 15:12:45] Missing required parameter: DB_USER
[2025-05-17 15:13:22] Configuration loaded
[2025-05-17 15:13:22] New connection established
[2025-05-17 15:13:22] All connections closed
[2025-05-17 15:14:17] Configuration loaded
[2025-05-17 15:14:17] New connection established
[2025-05-17 15:14:17] All connections closed
[2025-05-17 15:15:05] Configuration loaded
[2025-05-17 15:15:06] New connection established
[2025-05-17 15:15:06] All connections closed
[2025-05-17 15:15:09] Configuration loaded
[2025-05-17 15:15:09] New connection established
[2025-05-17 15:15:09] All connections closed
[2025-05-17 15:15:24] Configuration loaded
[2025-05-17 15:15:24] New connection established
[2025-05-17 15:15:24] All connections closed
[2025-05-17 15:16:36] Configuration loaded
[2025-05-17 15:16:36] New connection established
[2025-05-17 15:16:36] All connections closed
[2025-05-17 15:17:00] Configuration loaded
[2025-05-17 15:17:00] New connection established
[2025-05-17 15:17:00] All connections closed
[2025-05-17 15:17:02] Configuration loaded
[2025-05-17 15:17:02] New connection established
[2025-05-17 15:17:02] All connections closed
[2025-05-17 15:17:22] Configuration loaded
[2025-05-17 15:17:22] New connection established
[2025-05-17 15:17:22] All connections closed
[2025-05-17 15:17:49] Configuration loaded
[2025-05-17 15:17:49] New connection established
[2025-05-17 15:17:49] All connections closed
[2025-05-17 15:17:52] Configuration loaded
[2025-05-17 15:17:52] New connection established
[2025-05-17 15:17:52] All connections closed
[2025-05-17 15:17:55] Configuration loaded
[2025-05-17 15:17:55] New connection established
[2025-05-17 15:17:55] All connections closed
[2025-05-17 15:22:49] Configuration loaded
[2025-05-17 15:22:49] New connection established
[2025-05-17 15:22:49] All connections closed
[2025-05-17 15:22:53] Configuration loaded
[2025-05-17 15:22:53] New connection established
[2025-05-17 15:22:53] All connections closed
[2025-05-17 15:22:53] Configuration loaded
[2025-05-17 15:22:53] New connection established
[2025-05-17 15:22:53] All connections closed
[2025-05-17 15:22:59] Configuration loaded
[2025-05-17 15:22:59] New connection established
[2025-05-17 15:22:59] All connections closed
[2025-05-17 15:22:59] Configuration loaded
[2025-05-17 15:22:59] New connection established
[2025-05-17 15:22:59] All connections closed
[2025-05-17 15:25:34] Configuration loaded
[2025-05-17 15:25:34] New connection established
[2025-05-17 15:25:34] All connections closed
[2025-05-17 15:25:37] Configuration loaded
[2025-05-17 15:25:37] New connection established
[2025-05-17 15:25:37] All connections closed
[2025-05-17 15:25:37] Configuration loaded
[2025-05-17 15:25:37] New connection established
[2025-05-17 15:25:37] All connections closed
[2025-05-17 15:25:42] Configuration loaded
[2025-05-17 15:25:42] New connection established
[2025-05-17 15:25:42] All connections closed
[2025-05-17 15:25:42] Configuration loaded
[2025-05-17 15:25:42] New connection established
[2025-05-17 15:25:42] All connections closed
[2025-05-17 15:27:38] Configuration loaded
[2025-05-17 15:27:38] New connection established
[2025-05-17 15:27:38] All connections closed
[2025-05-17 15:27:38] Configuration loaded
[2025-05-17 15:27:38] New connection established
[2025-05-17 15:27:38] All connections closed
[2025-05-17 15:27:40] Configuration loaded
[2025-05-17 15:27:40] New connection established
[2025-05-17 15:27:40] All connections closed
[2025-05-17 15:27:40] Configuration loaded
[2025-05-17 15:27:40] New connection established
[2025-05-17 15:27:40] All connections closed
[2025-05-17 15:28:49] Configuration loaded
[2025-05-17 15:28:49] New connection established
[2025-05-17 15:28:49] All connections closed
[2025-05-17 15:35:14] Configuration loaded
[2025-05-17 15:35:14] New connection established
[2025-05-17 15:35:14] All connections closed
[2025-05-17 15:35:19] Configuration loaded
[2025-05-17 15:35:19] New connection established
[2025-05-17 15:35:19] All connections closed
[2025-05-17 15:35:19] Configuration loaded
[2025-05-17 15:35:19] New connection established
[2025-05-17 15:35:19] All connections closed
[2025-05-17 15:35:29] Configuration loaded
[2025-05-17 15:35:29] New connection established
[2025-05-17 15:35:29] All connections closed
[2025-05-17 15:35:29] Configuration loaded
[2025-05-17 15:35:29] New connection established
[2025-05-17 15:35:29] All connections closed
